<?xml version="1.0" encoding="UTF-8"?>
<testng-results ignored="0" total="5" passed="4" failed="1" skipped="0">
  <reporter-output>
  </reporter-output>
  <suite started-at="2025-08-21T16:18:06 CDT" name="Default suite" finished-at="2025-08-21T16:18:24 CDT" duration-ms="17944">
    <groups>
    </groups>
    <test started-at="2025-08-21T16:18:06 CDT" name="Default test" finished-at="2025-08-21T16:18:24 CDT" duration-ms="17944">
      <class name="ChallengeAPIPlaywright.Framework.SkuApiTest">
        <test-method is-config="true" signature="setUp()[pri:0, instance:ChallengeAPIPlaywright.Framework.SkuApiTest@5bf0d49]" started-at="2025-08-21T16:18:06 CDT" name="setUp" finished-at="2025-08-21T16:18:07 CDT" duration-ms="1265" status="PASS">
          <reporter-output>
          </reporter-output>
        </test-method> <!-- setUp -->
        <test-method signature="testCreateSku()[pri:0, instance:ChallengeAPIPlaywright.Framework.SkuApiTest@5bf0d49]" started-at="2025-08-21T16:18:07 CDT" name="testCreateSku" finished-at="2025-08-21T16:18:20 CDT" duration-ms="13033" status="PASS">
          <reporter-output>
          </reporter-output>
        </test-method> <!-- testCreateSku -->
        <test-method signature="testCreateSkuWithInvalidPayload()[pri:0, instance:ChallengeAPIPlaywright.Framework.SkuApiTest@5bf0d49]" started-at="2025-08-21T16:18:20 CDT" name="testCreateSkuWithInvalidPayload" finished-at="2025-08-21T16:18:21 CDT" duration-ms="835" status="FAIL">
          <exception class="java.lang.AssertionError">
            <message>
              <![CDATA[Expected client error for invalid payload expected [true] but found [false]]]>
            </message>
            <full-stacktrace>
              <![CDATA[java.lang.AssertionError: Expected client error for invalid payload expected [true] but found [false]
at org.testng.Assert.fail(Assert.java:111)
at org.testng.Assert.failNotEquals(Assert.java:1578)
at org.testng.Assert.assertTrue(Assert.java:57)
at ChallengeAPIPlaywright.Framework.SkuApiTest.testCreateSkuWithInvalidPayload(SkuApiTest.java:115)
at java.base/jdk.internal.reflect.NativeMethodAccessorImpl.invoke0(Native Method)
at java.base/jdk.internal.reflect.NativeMethodAccessorImpl.invoke(NativeMethodAccessorImpl.java:77)
at java.base/jdk.internal.reflect.DelegatingMethodAccessorImpl.invoke(DelegatingMethodAccessorImpl.java:43)
at java.base/java.lang.reflect.Method.invoke(Method.java:568)
at org.testng.internal.invokers.MethodInvocationHelper.invokeMethod(MethodInvocationHelper.java:141)
at org.testng.internal.invokers.TestInvoker.invokeMethod(TestInvoker.java:686)
at org.testng.internal.invokers.TestInvoker.invokeTestMethod(TestInvoker.java:230)
at org.testng.internal.invokers.MethodRunner.runInSequence(MethodRunner.java:63)
at org.testng.internal.invokers.TestInvoker$MethodInvocationAgent.invoke(TestInvoker.java:992)
at org.testng.internal.invokers.TestInvoker.invokeTestMethods(TestInvoker.java:203)
at org.testng.internal.invokers.TestMethodWorker.invokeTestMethods(TestMethodWorker.java:154)
at org.testng.internal.invokers.TestMethodWorker.run(TestMethodWorker.java:134)
at java.base/java.util.ArrayList.forEach(ArrayList.java:1511)
at org.testng.TestRunner.privateRun(TestRunner.java:739)
at org.testng.TestRunner.run(TestRunner.java:614)
at org.testng.SuiteRunner.runTest(SuiteRunner.java:421)
at org.testng.SuiteRunner.runSequentially(SuiteRunner.java:413)
at org.testng.SuiteRunner.privateRun(SuiteRunner.java:373)
at org.testng.SuiteRunner.run(SuiteRunner.java:312)
at org.testng.SuiteRunnerWorker.runSuite(SuiteRunnerWorker.java:52)
at org.testng.SuiteRunnerWorker.run(SuiteRunnerWorker.java:95)
at org.testng.TestNG.runSuitesSequentially(TestNG.java:1274)
at org.testng.TestNG.runSuitesLocally(TestNG.java:1208)
at org.testng.TestNG.runSuites(TestNG.java:1112)
at org.testng.TestNG.run(TestNG.java:1079)
at org.testng.remote.AbstractRemoteTestNG.run(AbstractRemoteTestNG.java:115)
at org.testng.remote.RemoteTestNG.initAndRun(RemoteTestNG.java:293)
at org.testng.remote.RemoteTestNG.main(RemoteTestNG.java:91)
]]>
            </full-stacktrace>
          </exception> <!-- java.lang.AssertionError -->
          <reporter-output>
          </reporter-output>
        </test-method> <!-- testCreateSkuWithInvalidPayload -->
        <test-method signature="testDeleteSku()[pri:0, instance:ChallengeAPIPlaywright.Framework.SkuApiTest@5bf0d49]" started-at="2025-08-21T16:18:21 CDT" name="testDeleteSku" finished-at="2025-08-21T16:18:22 CDT" duration-ms="922" status="PASS">
          <reporter-output>
          </reporter-output>
        </test-method> <!-- testDeleteSku -->
        <test-method signature="testGetAllSkus()[pri:0, instance:ChallengeAPIPlaywright.Framework.SkuApiTest@5bf0d49]" started-at="2025-08-21T16:18:22 CDT" name="testGetAllSkus" finished-at="2025-08-21T16:18:23 CDT" duration-ms="867" status="PASS">
          <reporter-output>
          </reporter-output>
        </test-method> <!-- testGetAllSkus -->
        <test-method signature="testGetSkuById()[pri:0, instance:ChallengeAPIPlaywright.Framework.SkuApiTest@5bf0d49]" started-at="2025-08-21T16:18:23 CDT" name="testGetSkuById" finished-at="2025-08-21T16:18:24 CDT" duration-ms="924" status="PASS">
          <reporter-output>
          </reporter-output>
        </test-method> <!-- testGetSkuById -->
        <test-method is-config="true" signature="tearDown()[pri:0, instance:ChallengeAPIPlaywright.Framework.SkuApiTest@5bf0d49]" started-at="2025-08-21T16:18:24 CDT" name="tearDown" finished-at="2025-08-21T16:18:24 CDT" duration-ms="13" status="PASS">
          <reporter-output>
          </reporter-output>
        </test-method> <!-- tearDown -->
      </class> <!-- ChallengeAPIPlaywright.Framework.SkuApiTest -->
    </test> <!-- Default test -->
  </suite> <!-- Default suite -->
</testng-results>
