<?xml version="1.0" encoding="UTF-8"?>
<!-- Generated by org.testng.reporters.JUnitXMLReporter -->
<testsuite ignored="0" hostname="HPE-OT" failures="0" tests="4" name="SKU API Tests" time="14.757" errors="0" timestamp="2025-08-21T12:25:49 CDT">
  <testcase classname="ChallengeAPIPlaywright.Framework.SkuApiTest" name="testCreateSku" time="11.93"/>
  <testcase classname="ChallengeAPIPlaywright.Framework.SkuApiTest" name="testDeleteSku" time="0.682"/>
  <testcase classname="ChallengeAPIPlaywright.Framework.SkuApiTest" name="testGetAllSkus" time="0.635"/>
  <testcase classname="ChallengeAPIPlaywright.Framework.SkuApiTest" name="testGetSkuById" time="0.702"/>
</testsuite> <!-- SKU API Tests -->
